# JRE version: Java(TM) SE Runtime Environment (8.0_25-b17) (build 1.8.0_25-b17)
# Java VM: Java HotSpot(TM) 64-Bit Server VM (25.25-b02 mixed mode linux-amd64 compressed oops)
Heap:
 PSYoungGen      total 120320K, used 5120K [0x00000000f0000000, 0x00000000f8300000, 0x0000000100000000)
  eden space 110080K, 0% used [0x00000000f0000000,0x00000000f0000000,0x00000000f6b80000)
  from space 10240K, 50% used [0x00000000f6b80000,0x00000000f7080000,0x00000000f7580000)
  to   space 10752K, 0% used [0x00000000f7580000,0x00000000f7580000,0x00000000f8000000)
 ParOldGen       total 50176K, used 11877K [0x00000000d0000000, 0x00000000d3100000, 0x00000000f0000000)
  object space 50176K, 23% used [0x00000000d0000000,0x00000000d0b995b8,0x00000000d3100000)
 Metaspace       used 35402K, capacity 35666K, committed 35968K, reserved 1079296K
  class space    used 6406K, capacity 6504K, committed 6528K, reserved 1048576K
GC Heap History (10 events):
Event: 13,404 GC heap after
Heap after GC invocations=10 (full 1):
 PSYoungGen      total 77824K, used 8680K [0x00000000f0000000, 0x00000000f6900000, 0x0000000100000000)
  eden space 68608K, 0% used [0x00000000f0000000,0x00000000f0000000,0x00000000f4300000)
  from space 9216K, 94% used [0x00000000f4300000,0x00000000f4b7a010,0x00000000f4c00000)
  to   space 10240K, 0% used [0x00000000f5f00000,0x00000000f5f00000,0x00000000f6900000)
 ParOldGen       total 34304K, used 7841K [0x00000000d0000000, 0x00000000d2180000, 0x00000000f0000000)
  object space 34304K, 22% used [0x00000000d0000000,0x00000000d07a8530,0x00000000d2180000)
 Metaspace       used 34883K, capacity 35182K, committed 35456K, reserved 1079296K
  class space    used 6410K, capacity 6492K, committed 6528K, reserved 1048576K
}
Event: 14,434 GC heap before
{Heap before GC invocations=11 (full 1):
 PSYoungGen      total 77824K, used 45107K [0x00000000f0000000, 0x00000000f6900000, 0x0000000100000000)
  eden space 68608K, 53% used [0x00000000f0000000,0x00000000f2392d68,0x00000000f4300000)
  from space 9216K, 94% used [0x00000000f4300000,0x00000000f4b7a010,0x00000000f4c00000)
  to   space 10240K, 0% used [0x00000000f5f00000,0x00000000f5f00000,0x00000000f6900000)
 ParOldGen       total 34304K, used 7841K [0x00000000d0000000, 0x00000000d2180000, 0x00000000f0000000)
  object space 34304K, 22% used [0x00000000d0000000,0x00000000d07a8530,0x00000000d2180000)
 Metaspace       used 35055K, capacity 35310K, committed 35456K, reserved 1079296K
  class space    used 6410K, capacity 6492K, committed 6528K, reserved 1048576K
Event: 14,453 GC heap after
Heap after GC invocations=11 (full 1):
 PSYoungGen      total 96256K, used 8696K [0x00000000f0000000, 0x00000000f6c00000, 0x0000000100000000)
  eden space 86016K, 0% used [0x00000000f0000000,0x00000000f0000000,0x00000000f5400000)
  from space 10240K, 84% used [0x00000000f5f00000,0x00000000f677e020,0x00000000f6900000)
  to   space 11264K, 0% used [0x00000000f5400000,0x00000000f5400000,0x00000000f5f00000)
 ParOldGen       total 34304K, used 7849K [0x00000000d0000000, 0x00000000d2180000, 0x00000000f0000000)
  object space 34304K, 22% used [0x00000000d0000000,0x00000000d07aa530,0x00000000d2180000)
 Metaspace       used 35055K, capacity 35310K, committed 35456K, reserved 1079296K
  class space    used 6410K, capacity 6492K, committed 6528K, reserved 1048576K
}
Event: 14,453 GC heap before
{Heap before GC invocations=12 (full 2):
 PSYoungGen      total 96256K, used 8696K [0x00000000f0000000, 0x00000000f6c00000, 0x0000000100000000)
  eden space 86016K, 0% used [0x00000000f0000000,0x00000000f0000000,0x00000000f5400000)
  from space 10240K, 84% used [0x00000000f5f00000,0x00000000f677e020,0x00000000f6900000)
  to   space 11264K, 0% used [0x00000000f5400000,0x00000000f5400000,0x00000000f5f00000)
 ParOldGen       total 34304K, used 7849K [0x00000000d0000000, 0x00000000d2180000, 0x00000000f0000000)
  object space 34304K, 22% used [0x00000000d0000000,0x00000000d07aa530,0x00000000d2180000)
 Metaspace       used 35055K, capacity 35310K, committed 35456K, reserved 1079296K
  class space    used 6410K, capacity 6492K, committed 6528K, reserved 1048576K
Event: 14,604 GC heap after
Heap after GC invocations=12 (full 2):
 PSYoungGen      total 96256K, used 0K [0x00000000f0000000, 0x00000000f6c00000, 0x0000000100000000)
  eden space 86016K, 0% used [0x00000000f0000000,0x00000000f0000000,0x00000000f5400000)
  from space 10240K, 0% used [0x00000000f5f00000,0x00000000f5f00000,0x00000000f6900000)
  to   space 11264K, 0% used [0x00000000f5400000,0x00000000f5400000,0x00000000f5f00000)
 ParOldGen       total 50176K, used 11861K [0x00000000d0000000, 0x00000000d3100000, 0x00000000f0000000)
  object space 50176K, 23% used [0x00000000d0000000,0x00000000d0b955b8,0x00000000d3100000)
 Metaspace       used 35033K, capacity 35250K, committed 35456K, reserved 1079296K
  class space    used 6404K, capacity 6472K, committed 6528K, reserved 1048576K
}
Event: 16,506 GC heap before
{Heap before GC invocations=13 (full 2):
 PSYoungGen      total 96256K, used 86016K [0x00000000f0000000, 0x00000000f6c00000, 0x0000000100000000)
  eden space 86016K, 100% used [0x00000000f0000000,0x00000000f5400000,0x00000000f5400000)
  from space 10240K, 0% used [0x00000000f5f00000,0x00000000f5f00000,0x00000000f6900000)
  to   space 11264K, 0% used [0x00000000f5400000,0x00000000f5400000,0x00000000f5f00000)
 ParOldGen       total 50176K, used 11861K [0x00000000d0000000, 0x00000000d3100000, 0x00000000f0000000)
  object space 50176K, 23% used [0x00000000d0000000,0x00000000d0b955b8,0x00000000d3100000)
 Metaspace       used 35297K, capacity 35538K, committed 35712K, reserved 1079296K
  class space    used 6406K, capacity 6504K, committed 6528K, reserved 1048576K
Event: 16,528 GC heap after
Heap after GC invocations=13 (full 2):
 PSYoungGen      total 97280K, used 3840K [0x00000000f0000000, 0x00000000f8000000, 0x0000000100000000)
  eden space 86016K, 0% used [0x00000000f0000000,0x00000000f0000000,0x00000000f5400000)
  from space 11264K, 34% used [0x00000000f5400000,0x00000000f57c0000,0x00000000f5f00000)
  to   space 10752K, 0% used [0x00000000f7580000,0x00000000f7580000,0x00000000f8000000)
 ParOldGen       total 50176K, used 11869K [0x00000000d0000000, 0x00000000d3100000, 0x00000000f0000000)
  object space 50176K, 23% used [0x00000000d0000000,0x00000000d0b975b8,0x00000000d3100000)
 Metaspace       used 35297K, capacity 35538K, committed 35712K, reserved 1079296K
  class space    used 6406K, capacity 6504K, committed 6528K, reserved 1048576K
}
Event: 18,188 GC heap before
{Heap before GC invocations=14 (full 2):
 PSYoungGen      total 97280K, used 89856K [0x00000000f0000000, 0x00000000f8000000, 0x0000000100000000)
  eden space 86016K, 100% used [0x00000000f0000000,0x00000000f5400000,0x00000000f5400000)
  from space 11264K, 34% used [0x00000000f5400000,0x00000000f57c0000,0x00000000f5f00000)
  to   space 10752K, 0% used [0x00000000f7580000,0x00000000f7580000,0x00000000f8000000)
 ParOldGen       total 50176K, used 11869K [0x00000000d0000000, 0x00000000d3100000, 0x00000000f0000000)
  object space 50176K, 23% used [0x00000000d0000000,0x00000000d0b975b8,0x00000000d3100000)
 Metaspace       used 35393K, capacity 35666K, committed 35968K, reserved 1079296K
  class space    used 6406K, capacity 6504K, committed 6528K, reserved 1048576K
Event: 18,248 GC heap after
Heap after GC invocations=14 (full 2):
 PSYoungGen      total 120832K, used 5664K [0x00000000f0000000, 0x00000000f8300000, 0x0000000100000000)
  eden space 110080K, 0% used [0x00000000f0000000,0x00000000f0000000,0x00000000f6b80000)
  from space 10752K, 52% used [0x00000000f7580000,0x00000000f7b08000,0x00000000f8000000)
  to   space 10240K, 0% used [0x00000000f6b80000,0x00000000f6b80000,0x00000000f7580000)
 ParOldGen       total 50176K, used 11877K [0x00000000d0000000, 0x00000000d3100000, 0x00000000f0000000)
  object space 50176K, 23% used [0x00000000d0000000,0x00000000d0b995b8,0x00000000d3100000)
 Metaspace       used 35393K, capacity 35666K, committed 35968K, reserved 1079296K
  class space    used 6406K, capacity 6504K, committed 6528K, reserved 1048576K
}
Event: 19,223 GC heap before
{Heap before GC invocations=15 (full 2):
 PSYoungGen      total 120832K, used 115744K [0x00000000f0000000, 0x00000000f8300000, 0x0000000100000000)
  eden space 110080K, 100% used [0x00000000f0000000,0x00000000f6b80000,0x00000000f6b80000)
  from space 10752K, 52% used [0x00000000f7580000,0x00000000f7b08000,0x00000000f8000000)
  to   space 10240K, 0% used [0x00000000f6b80000,0x00000000f6b80000,0x00000000f7580000)
 ParOldGen       total 50176K, used 11877K [0x00000000d0000000, 0x00000000d3100000, 0x00000000f0000000)
  object space 50176K, 23% used [0x00000000d0000000,0x00000000d0b995b8,0x00000000d3100000)
 Metaspace       used 35402K, capacity 35666K, committed 35968K, reserved 1079296K
  class space    used 6406K, capacity 6504K, committed 6528K, reserved 1048576K

