# JRE version: Java(TM) SE Runtime Environment (8.0_25-b17) (build 1.8.0_25-b17)
# Java VM: Java HotSpot(TM) 64-Bit Server VM (25.25-b02 mixed mode linux-amd64 compressed oops)
Heap:
 PSYoungGen      total 186368K, used 2501K [0x00000000f0000000, 0x00000000fbf00000, 0x0000000100000000)
  eden space 177152K, 0% used [0x00000000f0000000,0x00000000f0000000,0x00000000fad00000)
  from space 9216K, 27% used [0x00000000fad00000,0x00000000faf71748,0x00000000fb600000)
  to   space 7680K, 0% used [0x00000000fb780000,0x00000000fb780000,0x00000000fbf00000)
 ParOldGen       total 48640K, used 19246K [0x00000000d0000000, 0x00000000d2f80000, 0x00000000f0000000)
  object space 48640K, 39% used [0x00000000d0000000,0x00000000d12cbb80,0x00000000d2f80000)
 Metaspace       used 35647K, capacity 35858K, committed 36224K, reserved 1079296K
  class space    used 6419K, capacity 6504K, committed 6528K, reserved 1048576K
GC Heap History (10 events):
Event: 21,133 GC heap after
Heap after GC invocations=14 (full 2):
 PSYoungGen      total 103424K, used 5184K [0x00000000f0000000, 0x00000000f6e80000, 0x0000000100000000)
  eden space 93184K, 0% used [0x00000000f0000000,0x00000000f0000000,0x00000000f5b00000)
  from space 10240K, 50% used [0x00000000f6480000,0x00000000f6990000,0x00000000f6e80000)
  to   space 9728K, 0% used [0x00000000f5b00000,0x00000000f5b00000,0x00000000f6480000)
 ParOldGen       total 48640K, used 11001K [0x00000000d0000000, 0x00000000d2f80000, 0x00000000f0000000)
  object space 48640K, 22% used [0x00000000d0000000,0x00000000d0abe760,0x00000000d2f80000)
 Metaspace       used 35387K, capacity 35666K, committed 35968K, reserved 1079296K
  class space    used 6406K, capacity 6504K, committed 6528K, reserved 1048576K
}
Event: 22,853 GC heap before
{Heap before GC invocations=15 (full 2):
 PSYoungGen      total 103424K, used 98368K [0x00000000f0000000, 0x00000000f6e80000, 0x0000000100000000)
  eden space 93184K, 100% used [0x00000000f0000000,0x00000000f5b00000,0x00000000f5b00000)
  from space 10240K, 50% used [0x00000000f6480000,0x00000000f6990000,0x00000000f6e80000)
  to   space 9728K, 0% used [0x00000000f5b00000,0x00000000f5b00000,0x00000000f6480000)
 ParOldGen       total 48640K, used 11001K [0x00000000d0000000, 0x00000000d2f80000, 0x00000000f0000000)
  object space 48640K, 22% used [0x00000000d0000000,0x00000000d0abe760,0x00000000d2f80000)
 Metaspace       used 35425K, capacity 35730K, committed 35968K, reserved 1079296K
  class space    used 6406K, capacity 6504K, committed 6528K, reserved 1048576K
Event: 22,883 GC heap after
Heap after GC invocations=15 (full 2):
 PSYoungGen      total 102912K, used 5792K [0x00000000f0000000, 0x00000000f8d80000, 0x0000000100000000)
  eden space 93184K, 0% used [0x00000000f0000000,0x00000000f0000000,0x00000000f5b00000)
  from space 9728K, 59% used [0x00000000f5b00000,0x00000000f60a8000,0x00000000f6480000)
  to   space 9728K, 0% used [0x00000000f8400000,0x00000000f8400000,0x00000000f8d80000)
 ParOldGen       total 48640K, used 11009K [0x00000000d0000000, 0x00000000d2f80000, 0x00000000f0000000)
  object space 48640K, 22% used [0x00000000d0000000,0x00000000d0ac0760,0x00000000d2f80000)
 Metaspace       used 35425K, capacity 35730K, committed 35968K, reserved 1079296K
  class space    used 6406K, capacity 6504K, committed 6528K, reserved 1048576K
}
Event: 23,667 GC heap before
{Heap before GC invocations=16 (full 2):
 PSYoungGen      total 102912K, used 98976K [0x00000000f0000000, 0x00000000f8d80000, 0x0000000100000000)
  eden space 93184K, 100% used [0x00000000f0000000,0x00000000f5b00000,0x00000000f5b00000)
  from space 9728K, 59% used [0x00000000f5b00000,0x00000000f60a8000,0x00000000f6480000)
  to   space 9728K, 0% used [0x00000000f8400000,0x00000000f8400000,0x00000000f8d80000)
 ParOldGen       total 48640K, used 11009K [0x00000000d0000000, 0x00000000d2f80000, 0x00000000f0000000)
  object space 48640K, 22% used [0x00000000d0000000,0x00000000d0ac0760,0x00000000d2f80000)
 Metaspace       used 35426K, capacity 35730K, committed 35968K, reserved 1079296K
  class space    used 6406K, capacity 6504K, committed 6528K, reserved 1048576K
Event: 23,763 GC heap after
Heap after GC invocations=16 (full 2):
 PSYoungGen      total 135680K, used 5568K [0x00000000f0000000, 0x00000000f9500000, 0x0000000100000000)
  eden space 125952K, 0% used [0x00000000f0000000,0x00000000f0000000,0x00000000f7b00000)
  from space 9728K, 57% used [0x00000000f8400000,0x00000000f8970000,0x00000000f8d80000)
  to   space 9216K, 0% used [0x00000000f7b00000,0x00000000f7b00000,0x00000000f8400000)
 ParOldGen       total 48640K, used 11017K [0x00000000d0000000, 0x00000000d2f80000, 0x00000000f0000000)
  object space 48640K, 22% used [0x00000000d0000000,0x00000000d0ac2760,0x00000000d2f80000)
 Metaspace       used 35426K, capacity 35730K, committed 35968K, reserved 1079296K
  class space    used 6406K, capacity 6504K, committed 6528K, reserved 1048576K
}
Event: 25,573 GC heap before
{Heap before GC invocations=17 (full 2):
 PSYoungGen      total 135680K, used 131520K [0x00000000f0000000, 0x00000000f9500000, 0x0000000100000000)
  eden space 125952K, 100% used [0x00000000f0000000,0x00000000f7b00000,0x00000000f7b00000)
  from space 9728K, 57% used [0x00000000f8400000,0x00000000f8970000,0x00000000f8d80000)
  to   space 9216K, 0% used [0x00000000f7b00000,0x00000000f7b00000,0x00000000f8400000)
 ParOldGen       total 48640K, used 11017K [0x00000000d0000000, 0x00000000d2f80000, 0x00000000f0000000)
  object space 48640K, 22% used [0x00000000d0000000,0x00000000d0ac2760,0x00000000d2f80000)
 Metaspace       used 35482K, capacity 35730K, committed 35968K, reserved 1079296K
  class space    used 6406K, capacity 6504K, committed 6528K, reserved 1048576K
Event: 25,602 GC heap after
Heap after GC invocations=17 (full 2):
 PSYoungGen      total 135168K, used 5856K [0x00000000f0000000, 0x00000000fc080000, 0x0000000100000000)
  eden space 125952K, 0% used [0x00000000f0000000,0x00000000f0000000,0x00000000f7b00000)
  from space 9216K, 63% used [0x00000000f7b00000,0x00000000f80b8000,0x00000000f8400000)
  to   space 9216K, 0% used [0x00000000fb780000,0x00000000fb780000,0x00000000fc080000)
 ParOldGen       total 48640K, used 13664K [0x00000000d0000000, 0x00000000d2f80000, 0x00000000f0000000)
  object space 48640K, 28% used [0x00000000d0000000,0x00000000d0d58150,0x00000000d2f80000)
 Metaspace       used 35482K, capacity 35730K, committed 35968K, reserved 1079296K
  class space    used 6406K, capacity 6504K, committed 6528K, reserved 1048576K
}
Event: 26,868 GC heap before
{Heap before GC invocations=18 (full 2):
 PSYoungGen      total 135168K, used 131808K [0x00000000f0000000, 0x00000000fc080000, 0x0000000100000000)
  eden space 125952K, 100% used [0x00000000f0000000,0x00000000f7b00000,0x00000000f7b00000)
  from space 9216K, 63% used [0x00000000f7b00000,0x00000000f80b8000,0x00000000f8400000)
  to   space 9216K, 0% used [0x00000000fb780000,0x00000000fb780000,0x00000000fc080000)
 ParOldGen       total 48640K, used 13664K [0x00000000d0000000, 0x00000000d2f80000, 0x00000000f0000000)
  object space 48640K, 28% used [0x00000000d0000000,0x00000000d0d58150,0x00000000d2f80000)
 Metaspace       used 35487K, capacity 35730K, committed 35968K, reserved 1079296K
  class space    used 6406K, capacity 6504K, committed 6528K, reserved 1048576K
Event: 26,899 GC heap after
Heap after GC invocations=18 (full 2):
 PSYoungGen      total 184832K, used 4128K [0x00000000f0000000, 0x00000000fbf00000, 0x0000000100000000)
  eden space 177152K, 0% used [0x00000000f0000000,0x00000000f0000000,0x00000000fad00000)
  from space 7680K, 53% used [0x00000000fb780000,0x00000000fbb88000,0x00000000fbf00000)
  to   space 9216K, 0% used [0x00000000fad00000,0x00000000fad00000,0x00000000fb600000)
 ParOldGen       total 48640K, used 15984K [0x00000000d0000000, 0x00000000d2f80000, 0x00000000f0000000)
  object space 48640K, 32% used [0x00000000d0000000,0x00000000d0f9c150,0x00000000d2f80000)
 Metaspace       used 35487K, capacity 35730K, committed 35968K, reserved 1079296K
  class space    used 6406K, capacity 6504K, committed 6528K, reserved 1048576K
}
Event: 29,485 GC heap before
{Heap before GC invocations=19 (full 2):
 PSYoungGen      total 184832K, used 181280K [0x00000000f0000000, 0x00000000fbf00000, 0x0000000100000000)
  eden space 177152K, 100% used [0x00000000f0000000,0x00000000fad00000,0x00000000fad00000)
  from space 7680K, 53% used [0x00000000fb780000,0x00000000fbb88000,0x00000000fbf00000)
  to   space 9216K, 0% used [0x00000000fad00000,0x00000000fad00000,0x00000000fb600000)
 ParOldGen       total 48640K, used 15984K [0x00000000d0000000, 0x00000000d2f80000, 0x00000000f0000000)
  object space 48640K, 32% used [0x00000000d0000000,0x00000000d0f9c150,0x00000000d2f80000)
 Metaspace       used 35647K, capacity 35858K, committed 36224K, reserved 1079296K
  class space    used 6419K, capacity 6504K, committed 6528K, reserved 1048576K

