# JRE version: Java(TM) SE Runtime Environment (8.0_25-b17) (build 1.8.0_25-b17)
# Java VM: Java HotSpot(TM) 64-Bit Server VM (25.25-b02 mixed mode linux-amd64 compressed oops)
Heap:
 PSYoungGen      total 33280K, used 2557K [0x00000000f5580000, 0x00000000f7880000, 0x0000000100000000)
  eden space 30720K, 0% used [0x00000000f5580000,0x00000000f5580000,0x00000000f7380000)
  from space 2560K, 99% used [0x00000000f7380000,0x00000000f75ff478,0x00000000f7600000)
  to   space 2560K, 0% used [0x00000000f7600000,0x00000000f7600000,0x00000000f7880000)
 ParOldGen       total 40960K, used 10404K [0x00000000e0000000, 0x00000000e2800000, 0x00000000f5580000)
  object space 40960K, 25% used [0x00000000e0000000,0x00000000e0a29380,0x00000000e2800000)
 Metaspace       used 20993K, capacity 21190K, committed 21296K, reserved 1067008K
  class space    used 3653K, capacity 3710K, committed 3712K, reserved 1048576K
GC Heap History (9 events):
Event: 1,063 GC heap before
{Heap before GC invocations=1 (full 0):
 PSYoungGen      total 17920K, used 15360K [0x00000000f5580000, 0x00000000f6980000, 0x0000000100000000)
  eden space 15360K, 100% used [0x00000000f5580000,0x00000000f6480000,0x00000000f6480000)
  from space 2560K, 0% used [0x00000000f6700000,0x00000000f6700000,0x00000000f6980000)
  to   space 2560K, 0% used [0x00000000f6480000,0x00000000f6480000,0x00000000f6700000)
 ParOldGen       total 40960K, used 0K [0x00000000e0000000, 0x00000000e2800000, 0x00000000f5580000)
  object space 40960K, 0% used [0x00000000e0000000,0x00000000e0000000,0x00000000e2800000)
 Metaspace       used 5248K, capacity 6320K, committed 6400K, reserved 1056768K
  class space    used 644K, capacity 720K, committed 768K, reserved 1048576K
Event: 1,068 GC heap after
Heap after GC invocations=1 (full 0):
 PSYoungGen      total 17920K, used 2537K [0x00000000f5580000, 0x00000000f6980000, 0x0000000100000000)
  eden space 15360K, 0% used [0x00000000f5580000,0x00000000f5580000,0x00000000f6480000)
  from space 2560K, 99% used [0x00000000f6480000,0x00000000f66fa6e0,0x00000000f6700000)
  to   space 2560K, 0% used [0x00000000f6700000,0x00000000f6700000,0x00000000f6980000)
 ParOldGen       total 40960K, used 355K [0x00000000e0000000, 0x00000000e2800000, 0x00000000f5580000)
  object space 40960K, 0% used [0x00000000e0000000,0x00000000e0058de0,0x00000000e2800000)
 Metaspace       used 5248K, capacity 6320K, committed 6400K, reserved 1056768K
  class space    used 644K, capacity 720K, committed 768K, reserved 1048576K
}
Event: 1,859 GC heap before
{Heap before GC invocations=2 (full 0):
 PSYoungGen      total 17920K, used 17897K [0x00000000f5580000, 0x00000000f6980000, 0x0000000100000000)
  eden space 15360K, 100% used [0x00000000f5580000,0x00000000f6480000,0x00000000f6480000)
  from space 2560K, 99% used [0x00000000f6480000,0x00000000f66fa6e0,0x00000000f6700000)
  to   space 2560K, 0% used [0x00000000f6700000,0x00000000f6700000,0x00000000f6980000)
 ParOldGen       total 40960K, used 355K [0x00000000e0000000, 0x00000000e2800000, 0x00000000f5580000)
  object space 40960K, 0% used [0x00000000e0000000,0x00000000e0058de0,0x00000000e2800000)
 Metaspace       used 9775K, capacity 10756K, committed 10880K, reserved 1058816K
  class space    used 1555K, capacity 1620K, committed 1664K, reserved 1048576K
Event: 1,864 GC heap after
Heap after GC invocations=2 (full 0):
 PSYoungGen      total 17920K, used 2532K [0x00000000f5580000, 0x00000000f6980000, 0x0000000100000000)
  eden space 15360K, 0% used [0x00000000f5580000,0x00000000f5580000,0x00000000f6480000)
  from space 2560K, 98% used [0x00000000f6700000,0x00000000f6979158,0x00000000f6980000)
  to   space 2560K, 0% used [0x00000000f6480000,0x00000000f6480000,0x00000000f6700000)
 ParOldGen       total 40960K, used 2642K [0x00000000e0000000, 0x00000000e2800000, 0x00000000f5580000)
  object space 40960K, 6% used [0x00000000e0000000,0x00000000e0294a30,0x00000000e2800000)
 Metaspace       used 9775K, capacity 10756K, committed 10880K, reserved 1058816K
  class space    used 1555K, capacity 1620K, committed 1664K, reserved 1048576K
}
Event: 2,841 GC heap before
{Heap before GC invocations=3 (full 0):
 PSYoungGen      total 17920K, used 17892K [0x00000000f5580000, 0x00000000f6980000, 0x0000000100000000)
  eden space 15360K, 100% used [0x00000000f5580000,0x00000000f6480000,0x00000000f6480000)
  from space 2560K, 98% used [0x00000000f6700000,0x00000000f6979158,0x00000000f6980000)
  to   space 2560K, 0% used [0x00000000f6480000,0x00000000f6480000,0x00000000f6700000)
 ParOldGen       total 40960K, used 2642K [0x00000000e0000000, 0x00000000e2800000, 0x00000000f5580000)
  object space 40960K, 6% used [0x00000000e0000000,0x00000000e0294a30,0x00000000e2800000)
 Metaspace       used 13292K, capacity 13446K, committed 13568K, reserved 1060864K
  class space    used 2233K, capacity 2302K, committed 2304K, reserved 1048576K
Event: 2,866 GC heap after
Heap after GC invocations=3 (full 0):
 PSYoungGen      total 17920K, used 2533K [0x00000000f5580000, 0x00000000f7880000, 0x0000000100000000)
  eden space 15360K, 0% used [0x00000000f5580000,0x00000000f5580000,0x00000000f6480000)
  from space 2560K, 98% used [0x00000000f6480000,0x00000000f66f9688,0x00000000f6700000)
  to   space 2560K, 0% used [0x00000000f7600000,0x00000000f7600000,0x00000000f7880000)
 ParOldGen       total 40960K, used 3886K [0x00000000e0000000, 0x00000000e2800000, 0x00000000f5580000)
  object space 40960K, 9% used [0x00000000e0000000,0x00000000e03cba08,0x00000000e2800000)
 Metaspace       used 13292K, capacity 13446K, committed 13568K, reserved 1060864K
  class space    used 2233K, capacity 2302K, committed 2304K, reserved 1048576K
}
Event: 3,550 GC heap before
{Heap before GC invocations=4 (full 0):
 PSYoungGen      total 17920K, used 17893K [0x00000000f5580000, 0x00000000f7880000, 0x0000000100000000)
  eden space 15360K, 100% used [0x00000000f5580000,0x00000000f6480000,0x00000000f6480000)
  from space 2560K, 98% used [0x00000000f6480000,0x00000000f66f9688,0x00000000f6700000)
  to   space 2560K, 0% used [0x00000000f7600000,0x00000000f7600000,0x00000000f7880000)
 ParOldGen       total 40960K, used 3886K [0x00000000e0000000, 0x00000000e2800000, 0x00000000f5580000)
  object space 40960K, 9% used [0x00000000e0000000,0x00000000e03cba08,0x00000000e2800000)
 Metaspace       used 15332K, capacity 15590K, committed 15744K, reserved 1062912K
  class space    used 2592K, capacity 2654K, committed 2688K, reserved 1048576K
Event: 3,562 GC heap after
Heap after GC invocations=4 (full 0):
 PSYoungGen      total 33280K, used 2529K [0x00000000f5580000, 0x00000000f7880000, 0x0000000100000000)
  eden space 30720K, 0% used [0x00000000f5580000,0x00000000f5580000,0x00000000f7380000)
  from space 2560K, 98% used [0x00000000f7600000,0x00000000f78786b0,0x00000000f7880000)
  to   space 2560K, 0% used [0x00000000f7380000,0x00000000f7380000,0x00000000f7600000)
 ParOldGen       total 40960K, used 5604K [0x00000000e0000000, 0x00000000e2800000, 0x00000000f5580000)
  object space 40960K, 13% used [0x00000000e0000000,0x00000000e05792d8,0x00000000e2800000)
 Metaspace       used 15332K, capacity 15590K, committed 15744K, reserved 1062912K
  class space    used 2592K, capacity 2654K, committed 2688K, reserved 1048576K
}
Event: 4,871 GC heap before
{Heap before GC invocations=5 (full 0):
 PSYoungGen      total 33280K, used 23609K [0x00000000f5580000, 0x00000000f7880000, 0x0000000100000000)
  eden space 30720K, 68% used [0x00000000f5580000,0x00000000f6a15e48,0x00000000f7380000)
  from space 2560K, 98% used [0x00000000f7600000,0x00000000f78786b0,0x00000000f7880000)
  to   space 2560K, 0% used [0x00000000f7380000,0x00000000f7380000,0x00000000f7600000)
 ParOldGen       total 40960K, used 5604K [0x00000000e0000000, 0x00000000e2800000, 0x00000000f5580000)
  object space 40960K, 13% used [0x00000000e0000000,0x00000000e05792d8,0x00000000e2800000)
 Metaspace       used 20993K, capacity 21190K, committed 21296K, reserved 1067008K
  class space    used 3653K, capacity 3710K, committed 3712K, reserved 1048576K

